{
  message: 'Database connection established',
  level: 'info',
  label: 'PH',
  timestamp: '2023-06-10T19:12:49.716Z'
}
{
  message: 'Example app listening on port 5000',
  level: 'info',
  label: 'PH',
  timestamp: '2023-06-10T19:12:49.727Z'
}
{
  message: 'Database connection established',
  level: 'info',
  label: 'PH',
  timestamp: '2023-06-10T19:18:24.981Z'
}
{
  message: 'Example app listening on port 5000',
  level: 'info',
  label: 'PH',
  timestamp: '2023-06-10T19:18:24.995Z'
}
{
  message: 'Database connection established',
  level: 'info',
  label: 'PH',
  timestamp: '2023-06-10T19:18:58.417Z'
}
{
  message: 'Example app listening on port 5000',
  level: 'info',
  label: 'PH',
  timestamp: '2023-06-10T19:18:58.428Z'
}
{
  message: 'Database connection established',
  level: 'info',
  label: 'PH',
  timestamp: '2023-06-10T19:19:25.403Z'
}
{
  message: 'Example app listening on port 5000',
  level: 'info',
  label: 'PH',
  timestamp: '2023-06-10T19:19:25.420Z'
}
{
  message: 'Database connection established',
  level: 'info',
  label: 'PH',
  timestamp: '2023-06-10T19:20:52.053Z'
}
{
  message: 'Example app listening on port 5000',
  level: 'info',
  label: 'PH',
  timestamp: '2023-06-10T19:20:52.068Z'
}
{
  message: 'Database connection established',
  level: 'info',
  label: 'PH',
  timestamp: '2023-06-10T19:22:17.558Z'
}
{
  message: 'Example app listening on port 5000',
  level: 'info',
  label: 'PH',
  timestamp: '2023-06-10T19:22:17.568Z'
}
{
  message: 'Database connection established',
  level: 'info',
  label: 'PH',
  timestamp: '2023-06-10T19:27:59.871Z'
}
{
  message: 'Example app listening on port 5000',
  level: 'info',
  label: 'PH',
  timestamp: '2023-06-10T19:27:59.880Z'
}
{
  message: 'Database connection established',
  level: 'info',
  label: 'PH',
  timestamp: '2023-06-10T19:28:42.301Z'
}
{
  message: 'Example app listening on port 5000',
  level: 'info',
  label: 'PH',
  timestamp: '2023-06-10T19:28:42.312Z'
}
{
  message: 'Database connection established',
  level: 'info',
  label: 'PH',
  timestamp: '2023-06-10T19:32:01.969Z'
}
{
  message: 'Example app listening on port 5000',
  level: 'info',
  label: 'PH',
  timestamp: '2023-06-10T19:32:01.990Z'
}
{
  message: 'Database connection established',
  level: 'info',
  label: 'PH',
  timestamp: '2023-06-10T19:32:33.991Z'
}
{
  message: 'Example app listening on port 5000',
  level: 'info',
  label: 'PH',
  timestamp: '2023-06-10T19:32:34.007Z'
}
{
  message: 'Database connection established',
  level: 'info',
  label: 'PH',
  timestamp: '2023-06-10T19:55:33.873Z'
}
{
  message: 'Example app listening on port 5000',
  level: 'info',
  label: 'PH',
  timestamp: '2023-06-10T19:55:33.898Z'
}
{
  message: 'Database connection established',
  level: 'info',
  label: 'PH',
  timestamp: '2023-06-10T19:55:48.734Z'
}
{
  message: 'Example app listening on port 5000',
  level: 'info',
  label: 'PH',
  timestamp: '2023-06-10T19:55:48.745Z'
}
