{
  message: 'Database connection established',
  level: 'info',
  label: 'PH',
  timestamp: '2023-06-12T17:29:11.598Z'
}
{
  message: 'Example app listening on port 5000',
  level: 'info',
  label: 'PH',
  timestamp: '2023-06-12T17:29:11.621Z'
}
undefined
undefined
undefined
undefined
{
  message: 'Database connection established',
  level: 'info',
  label: 'PH',
  timestamp: '2023-06-12T17:32:24.342Z'
}
{
  message: 'Example app listening on port 5000',
  level: 'info',
  label: 'PH',
  timestamp: '2023-06-12T17:32:24.374Z'
}
{
  message: 'Database connection established',
  level: 'info',
  label: 'PH',
  timestamp: '2023-06-12T17:46:13.730Z'
}
{
  message: 'Example app listening on port 5000',
  level: 'info',
  label: 'PH',
  timestamp: '2023-06-12T17:46:13.746Z'
}
