Sat Jun 17 2023 0:10:39 10  [PH] error: globalErrorHandler ~  [
  {
    "code": "invalid_type",
    "expected": "number",
    "received": "string",
    "path": [
      "body",
      "year"
    ],
    "message": "Expected number, received string"
  },
  {
    "expected": "'January' | 'February' | 'March' | 'April' | 'May' | 'June' | 'July' | 'August' | 'September' | 'October' | 'November' | 'December'",
    "received": "undefined",
    "code": "invalid_type",
    "path": [
      "startMonth"
    ],
    "message": "start month is need"
  },
  {
    "expected": "'January' | 'February' | 'March' | 'April' | 'May' | 'June' | 'July' | 'August' | 'September' | 'October' | 'November' | 'December'",
    "received": "undefined",
    "code": "invalid_type",
    "path": [
      "endtMonth"
    ],
    "message": "end month is need"
  }
]
Sat Jun 17 2023 0:16:53 16  [PH] error: globalErrorHandler ~  [
  {
    "expected": "'January' | 'February' | 'March' | 'April' | 'May' | 'June' | 'July' | 'August' | 'September' | 'October' | 'November' | 'December'",
    "received": "undefined",
    "code": "invalid_type",
    "path": [
      "startMonth"
    ],
    "message": "start month is need"
  },
  {
    "expected": "'January' | 'February' | 'March' | 'April' | 'May' | 'June' | 'July' | 'August' | 'September' | 'October' | 'November' | 'December'",
    "received": "undefined",
    "code": "invalid_type",
    "path": [
      "endtMonth"
    ],
    "message": "end month is need"
  }
]
Sat Jun 17 2023 0:19:10 19  [PH] error: globalErrorHandler ~  [
  {
    "received": "january",
    "code": "invalid_enum_value",
    "options": [
      "January",
      "February",
      "March",
      "April",
      "May",
      "June",
      "July",
      "August",
      "September",
      "October",
      "November",
      "December"
    ],
    "path": [
      "body",
      "startMonth"
    ],
    "message": "Invalid enum value. Expected 'January' | 'February' | 'March' | 'April' | 'May' | 'June' | 'July' | 'August' | 'September' | 'October' | 'November' | 'December', received 'january'"
  },
  {
    "expected": "'January' | 'February' | 'March' | 'April' | 'May' | 'June' | 'July' | 'August' | 'September' | 'October' | 'November' | 'December'",
    "received": "undefined",
    "code": "invalid_type",
    "path": [
      "body",
      "endtMonth"
    ],
    "message": "end month is need"
  }
]
Sat Jun 17 2023 0:27:25 27  [PH] error: globalErrorHandler ~  [
  {
    "expected": "'January' | 'February' | 'March' | 'April' | 'May' | 'June' | 'July' | 'August' | 'September' | 'October' | 'November' | 'December'",
    "received": "undefined",
    "code": "invalid_type",
    "path": [
      "body",
      "endtMonth"
    ],
    "message": "end month is need"
  }
]
Sat Jun 17 2023 0:28:22 28  [PH] error: globalErrorHandler ~  [
  {
    "expected": "'January' | 'February' | 'March' | 'April' | 'May' | 'June' | 'July' | 'August' | 'September' | 'October' | 'November' | 'December'",
    "received": "undefined",
    "code": "invalid_type",
    "path": [
      "body",
      "endtMonth"
    ],
    "message": "end month is need"
  }
]
Sat Jun 17 2023 0:28:45 28  [PH] error: globalErrorHandler ~  [
  {
    "expected": "'January' | 'February' | 'March' | 'April' | 'May' | 'June' | 'July' | 'August' | 'September' | 'October' | 'November' | 'December'",
    "received": "undefined",
    "code": "invalid_type",
    "path": [
      "body",
      "endtMonth"
    ],
    "message": "end month is need"
  }
]
Sat Jun 17 2023 0:32:54 32  [PH] error: globalErrorHandler ~  [
  {
    "expected": "'January' | 'February' | 'March' | 'April' | 'May' | 'June' | 'July' | 'August' | 'September' | 'October' | 'November' | 'December'",
    "received": "undefined",
    "code": "invalid_type",
    "path": [
      "body",
      "endtMonth"
    ],
    "message": "end month is need"
  }
]
Sat Jun 17 2023 0:40:37 40  [PH] error: globalErrorHandler ~  [
  {
    "expected": "'January' | 'February' | 'March' | 'April' | 'May' | 'June' | 'July' | 'August' | 'September' | 'October' | 'November' | 'December'",
    "received": "undefined",
    "code": "invalid_type",
    "path": [
      "body",
      "endtMonth"
    ],
    "message": "end month is need"
  }
]
Sat Jun 17 2023 0:43:49 43  [PH] error: globalErrorHandler ~  [
  {
    "expected": "'January' | 'February' | 'March' | 'April' | 'May' | 'June' | 'July' | 'August' | 'September' | 'October' | 'November' | 'December'",
    "received": "undefined",
    "code": "invalid_type",
    "path": [
      "body",
      "endtMonth"
    ],
    "message": "end month is need"
  }
]
Sat Jun 17 2023 0:44:15 44  [PH] error: globalErrorHandler ~  [
  {
    "expected": "'January' | 'February' | 'March' | 'April' | 'May' | 'June' | 'July' | 'August' | 'September' | 'October' | 'November' | 'December'",
    "received": "undefined",
    "code": "invalid_type",
    "path": [
      "body",
      "endtMonth"
    ],
    "message": "end month is need"
  }
]
Sat Jun 17 2023 0:45:36 45  [PH] error: globalErrorHandler ~  [
  {
    "expected": "'January' | 'February' | 'March' | 'April' | 'May' | 'June' | 'July' | 'August' | 'September' | 'October' | 'November' | 'December'",
    "received": "undefined",
    "code": "invalid_type",
    "path": [
      "body",
      "endtMonth"
    ],
    "message": "end month is need"
  }
]
Sat Jun 17 2023 0:45:38 45  [PH] error: globalErrorHandler ~  [
  {
    "expected": "'January' | 'February' | 'March' | 'April' | 'May' | 'June' | 'July' | 'August' | 'September' | 'October' | 'November' | 'December'",
    "received": "undefined",
    "code": "invalid_type",
    "path": [
      "body",
      "endtMonth"
    ],
    "message": "end month is need"
  }
]
Sat Jun 17 2023 0:45:39 45  [PH] error: globalErrorHandler ~  [
  {
    "expected": "'January' | 'February' | 'March' | 'April' | 'May' | 'June' | 'July' | 'August' | 'September' | 'October' | 'November' | 'December'",
    "received": "undefined",
    "code": "invalid_type",
    "path": [
      "body",
      "endtMonth"
    ],
    "message": "end month is need"
  }
]
Sat Jun 17 2023 0:46:25 46  [PH] error: globalErrorHandler ~  [
  {
    "expected": "'January' | 'February' | 'March' | 'April' | 'May' | 'June' | 'July' | 'August' | 'September' | 'October' | 'November' | 'December'",
    "received": "undefined",
    "code": "invalid_type",
    "path": [
      "body",
      "endtMonth"
    ],
    "message": "end month is need"
  }
]
Sat Jun 17 2023 0:46:27 46  [PH] error: globalErrorHandler ~  [
  {
    "expected": "'January' | 'February' | 'March' | 'April' | 'May' | 'June' | 'July' | 'August' | 'September' | 'October' | 'November' | 'December'",
    "received": "undefined",
    "code": "invalid_type",
    "path": [
      "body",
      "endtMonth"
    ],
    "message": "end month is need"
  }
]
Sat Jun 17 2023 0:46:28 46  [PH] error: globalErrorHandler ~  [
  {
    "expected": "'January' | 'February' | 'March' | 'April' | 'May' | 'June' | 'July' | 'August' | 'September' | 'October' | 'November' | 'December'",
    "received": "undefined",
    "code": "invalid_type",
    "path": [
      "body",
      "endtMonth"
    ],
    "message": "end month is need"
  }
]
Sat Jun 17 2023 0:46:29 46  [PH] error: globalErrorHandler ~  [
  {
    "expected": "'January' | 'February' | 'March' | 'April' | 'May' | 'June' | 'July' | 'August' | 'September' | 'October' | 'November' | 'December'",
    "received": "undefined",
    "code": "invalid_type",
    "path": [
      "body",
      "endtMonth"
    ],
    "message": "end month is need"
  }
]
Sat Jun 17 2023 0:46:30 46  [PH] error: globalErrorHandler ~  [
  {
    "expected": "'January' | 'February' | 'March' | 'April' | 'May' | 'June' | 'July' | 'August' | 'September' | 'October' | 'November' | 'December'",
    "received": "undefined",
    "code": "invalid_type",
    "path": [
      "body",
      "endtMonth"
    ],
    "message": "end month is need"
  }
]
Sat Jun 17 2023 0:46:31 46  [PH] error: globalErrorHandler ~  [
  {
    "expected": "'January' | 'February' | 'March' | 'April' | 'May' | 'June' | 'July' | 'August' | 'September' | 'October' | 'November' | 'December'",
    "received": "undefined",
    "code": "invalid_type",
    "path": [
      "body",
      "endtMonth"
    ],
    "message": "end month is need"
  }
]
Sat Jun 17 2023 0:46:32 46  [PH] error: globalErrorHandler ~  [
  {
    "expected": "'January' | 'February' | 'March' | 'April' | 'May' | 'June' | 'July' | 'August' | 'September' | 'October' | 'November' | 'December'",
    "received": "undefined",
    "code": "invalid_type",
    "path": [
      "body",
      "endtMonth"
    ],
    "message": "end month is need"
  }
]
Sat Jun 17 2023 0:46:33 46  [PH] error: globalErrorHandler ~  [
  {
    "expected": "'January' | 'February' | 'March' | 'April' | 'May' | 'June' | 'July' | 'August' | 'September' | 'October' | 'November' | 'December'",
    "received": "undefined",
    "code": "invalid_type",
    "path": [
      "body",
      "endtMonth"
    ],
    "message": "end month is need"
  }
]
Sat Jun 17 2023 0:46:34 46  [PH] error: globalErrorHandler ~  [
  {
    "expected": "'January' | 'February' | 'March' | 'April' | 'May' | 'June' | 'July' | 'August' | 'September' | 'October' | 'November' | 'December'",
    "received": "undefined",
    "code": "invalid_type",
    "path": [
      "body",
      "endtMonth"
    ],
    "message": "end month is need"
  }
]
Sat Jun 17 2023 0:46:35 46  [PH] error: globalErrorHandler ~  [
  {
    "expected": "'January' | 'February' | 'March' | 'April' | 'May' | 'June' | 'July' | 'August' | 'September' | 'October' | 'November' | 'December'",
    "received": "undefined",
    "code": "invalid_type",
    "path": [
      "body",
      "endtMonth"
    ],
    "message": "end month is need"
  }
]
