Thu Jun 15 2023 18:12:33 12  [PH] error: globalErrorHandler ~  [
  {
    "code": "invalid_type",
    "expected": "string",
    "received": "undefined",
    "path": [
      "body",
      "role"
    ],
    "message": "role is required"
  }
]
Thu Jun 15 2023 18:12:58 12  [PH] error: globalErrorHandler ~  [
  {
    "code": "invalid_type",
    "expected": "string",
    "received": "undefined",
    "path": [
      "body",
      "role"
    ],
    "message": "role is required"
  }
]
Thu Jun 15 2023 18:13:56 13  [PH] error: globalErrorHandler ~  [
  {
    "code": "invalid_type",
    "expected": "string",
    "received": "undefined",
    "path": [
      "body",
      "role"
    ],
    "message": "role is required"
  }
]
Thu Jun 15 2023 18:18:38 18  [PH] error: globalErrorHandler ~  [
  {
    "code": "invalid_type",
    "expected": "string",
    "received": "undefined",
    "path": [
      "body",
      "role"
    ],
    "message": "role is required"
  }
]
Thu Jun 15 2023 18:19:28 19  [PH] error: globalErrorHandler ~  [
  {
    "code": "invalid_type",
    "expected": "string",
    "received": "undefined",
    "path": [
      "body",
      "role"
    ],
    "message": "role is required"
  }
]
Thu Jun 15 2023 18:33:21 33  [PH] error: globalErrorHandler ~  [
  {
    "code": "invalid_type",
    "expected": "string",
    "received": "undefined",
    "path": [
      "body",
      "user",
      "role"
    ],
    "message": "role is required"
  }
]
Thu Jun 15 2023 18:33:40 33  [PH] error: globalErrorHandler ~  [
  {
    "code": "invalid_type",
    "expected": "string",
    "received": "undefined",
    "path": [
      "body",
      "user",
      "role"
    ],
    "message": "role is required"
  }
]
Thu Jun 15 2023 18:33:52 33  [PH] error: globalErrorHandler ~  [
  {
    "code": "invalid_type",
    "expected": "string",
    "received": "undefined",
    "path": [
      "body",
      "user",
      "role"
    ],
    "message": "role is required"
  }
]
